<?xml version="1.0" encoding="UTF-8"?>
<!-- Generated by org.testng.reporters.JUnitXMLReporter -->
<testsuite hostname="DESKTOP-ISR172H" ignored="0" name="Test" tests="3" failures="1" timestamp="28 Mar 2023 21:17:36 GMT" time="0.619" errors="0">
  <testcase name="test01" time="0.212" classname="com.tests.LoginTest">
    <failure type="java.lang.AssertionError" message="expected [123] but found [JavaByKiran | Log in]">
      <![CDATA[java.lang.AssertionError: expected [123] but found [JavaByKiran | Log in]
at com.tests.LoginTest.test01(LoginTest.java:19)
... Removed 31 stack frames]]>
    </failure>
  </testcase> <!-- test01 -->
  <testcase name="test02" time="0.013" classname="com.tests.LoginTest"/>
  <testcase name="test03" time="0.002" classname="com.tests.LoginTest">
    <skipped/>
  </testcase> <!-- test03 -->
</testsuite> <!-- Test -->
